<?xml version="1.0" encoding="UTF-8"?>
<!-- Generated by org.testng.reporters.JUnitXMLReporter -->
<testsuite ignored="0" hostname="MyPc" failures="0" tests="10" name="Surefire test" time="27.646" errors="0" timestamp="2022-11-14T20:01:06 CET">
  <testcase classname="assignment1.task1Test" name="createRightAmouontOfJsonObjException on createRightAmouontOfJsonObjException(assignment1.task1Test)" time="0.422"/>
  <testcase classname="assignment1.task1Test" name="validURL on validURL(assignment1.task1Test)" time="0.421"/>
  <testcase classname="assignment1.task1Test" name="deleteAllAlerts on deleteAllAlerts(assignment1.task1Test)" time="27.384"/>
  <testcase classname="assignment1.task1Test" name="createRightAmouontOfJsonObj on createRightAmouontOfJsonObj(assignment1.task1Test)" time="27.385"/>
  <testcase classname="assignment1.task1Test" name="catchExcetionOnJsonObjectCreateDescription on catchExcetionOnJsonObjectCreateDescription(assignment1.task1Test)" time="27.386"/>
  <testcase classname="assignment1.task1Test" name="catchExcetionOnJsonObjectCreateAlertType on catchExcetionOnJsonObjectCreateAlertType(assignment1.task1Test)" time="27.386"/>
  <testcase classname="assignment1.task1Test" name="catchExcetionOnJsonObjectCreateImageUrl on catchExcetionOnJsonObjectCreateImageUrl(assignment1.task1Test)" time="27.387"/>
  <testcase classname="assignment1.task1Test" name="catchExcetionOnJsonObjectCreatePrice on catchExcetionOnJsonObjectCreatePrice(assignment1.task1Test)" time="27.387"/>
  <testcase classname="assignment1.task1Test" name="catchExcetionOnJsonObjectCreateTitle on catchExcetionOnJsonObjectCreateTitle(assignment1.task1Test)" time="27.388"/>
  <testcase classname="assignment1.task1Test" name="catchExcetionOnJsonObjectCreateURL on catchExcetionOnJsonObjectCreateURL(assignment1.task1Test)" time="27.388"/>
</testsuite> <!-- Surefire test -->
