<?xml version="1.0" encoding="UTF-8"?>
<testng-results ignored="0" total="10" passed="10" failed="0" skipped="0">
  <reporter-output>
  </reporter-output>
  <suite started-at="2022-11-14T20:00:39 CET" name="Surefire suite" finished-at="2022-11-14T20:01:06 CET" duration-ms="27646">
    <groups>
    </groups>
    <test started-at="2022-11-14T20:00:39 CET" name="Surefire test" finished-at="2022-11-14T20:01:06 CET" duration-ms="27646">
      <class name="assignment1.task1Test">
        <test-method signature="createRightAmouontOfJsonObjException() throws org.json.JSONException,java.io.UnsupportedEncodingException" started-at="2022-11-14T20:00:39 CET" name="createRightAmouontOfJsonObjException" finished-at="2022-11-14T20:00:39 CET" duration-ms="422" status="PASS">
          <reporter-output>
          </reporter-output>
        </test-method> <!-- createRightAmouontOfJsonObjException -->
        <test-method signature="catchExcetionOnJsonObjectCreateDescription() throws org.json.JSONException,java.io.UnsupportedEncodingException" started-at="2022-11-14T20:00:39 CET" name="catchExcetionOnJsonObjectCreateDescription" finished-at="2022-11-14T20:01:06 CET" duration-ms="27386" status="PASS">
          <reporter-output>
          </reporter-output>
        </test-method> <!-- catchExcetionOnJsonObjectCreateDescription -->
        <test-method signature="deleteAllAlerts() throws java.io.IOException" started-at="2022-11-14T20:00:39 CET" name="deleteAllAlerts" finished-at="2022-11-14T20:01:06 CET" duration-ms="27384" status="PASS">
          <reporter-output>
          </reporter-output>
        </test-method> <!-- deleteAllAlerts -->
        <test-method signature="createRightAmouontOfJsonObj() throws org.json.JSONException,java.io.UnsupportedEncodingException" started-at="2022-11-14T20:00:39 CET" name="createRightAmouontOfJsonObj" finished-at="2022-11-14T20:01:06 CET" duration-ms="27385" status="PASS">
          <reporter-output>
          </reporter-output>
        </test-method> <!-- createRightAmouontOfJsonObj -->
        <test-method signature="validURL() throws java.lang.Exception" started-at="2022-11-14T20:00:39 CET" name="validURL" finished-at="2022-11-14T20:00:39 CET" duration-ms="421" status="PASS">
          <reporter-output>
          </reporter-output>
        </test-method> <!-- validURL -->
        <test-method signature="catchExcetionOnJsonObjectCreateImageUrl() throws org.json.JSONException,java.io.UnsupportedEncodingException" started-at="2022-11-14T20:00:39 CET" name="catchExcetionOnJsonObjectCreateImageUrl" finished-at="2022-11-14T20:01:06 CET" duration-ms="27387" status="PASS">
          <reporter-output>
          </reporter-output>
        </test-method> <!-- catchExcetionOnJsonObjectCreateImageUrl -->
        <test-method signature="catchExcetionOnJsonObjectCreatePrice() throws org.json.JSONException,java.io.UnsupportedEncodingException" started-at="2022-11-14T20:00:39 CET" name="catchExcetionOnJsonObjectCreatePrice" finished-at="2022-11-14T20:01:06 CET" duration-ms="27387" status="PASS">
          <reporter-output>
          </reporter-output>
        </test-method> <!-- catchExcetionOnJsonObjectCreatePrice -->
        <test-method signature="catchExcetionOnJsonObjectCreateTitle() throws org.json.JSONException,java.io.UnsupportedEncodingException" started-at="2022-11-14T20:00:39 CET" name="catchExcetionOnJsonObjectCreateTitle" finished-at="2022-11-14T20:01:06 CET" duration-ms="27388" status="PASS">
          <reporter-output>
          </reporter-output>
        </test-method> <!-- catchExcetionOnJsonObjectCreateTitle -->
        <test-method signature="catchExcetionOnJsonObjectCreateURL() throws org.json.JSONException,java.io.UnsupportedEncodingException" started-at="2022-11-14T20:00:39 CET" name="catchExcetionOnJsonObjectCreateURL" finished-at="2022-11-14T20:01:06 CET" duration-ms="27388" status="PASS">
          <reporter-output>
          </reporter-output>
        </test-method> <!-- catchExcetionOnJsonObjectCreateURL -->
        <test-method signature="catchExcetionOnJsonObjectCreateAlertType() throws org.json.JSONException,java.io.UnsupportedEncodingException" started-at="2022-11-14T20:00:39 CET" name="catchExcetionOnJsonObjectCreateAlertType" finished-at="2022-11-14T20:01:06 CET" duration-ms="27386" status="PASS">
          <reporter-output>
          </reporter-output>
        </test-method> <!-- catchExcetionOnJsonObjectCreateAlertType -->
      </class> <!-- assignment1.task1Test -->
    </test> <!-- Surefire test -->
  </suite> <!-- Surefire suite -->
</testng-results>
