<?xml version="1.0" encoding="UTF-8"?>
<testsuite xmlns:xsi="http://www.w3.org/2001/XMLSchema-instance" xsi:noNamespaceSchemaLocation="https://maven.apache.org/surefire/maven-surefire-plugin/xsd/surefire-test-report.xsd" name="TestSuite" time="28.059" tests="10" errors="0" skipped="0" failures="0">
  <properties>
[...]
</properties>
  <testcase name="createRightAmouontOfJsonObjException on createRightAmouontOfJsonObjException(assignment1.task1Test)" classname="assignment1.task1Test" time="0.416"/>
  <testcase name="validURL on validURL(assignment1.task1Test)" classname="assignment1.task1Test" time="0"/>
  <testcase name="deleteAllAlerts on deleteAllAlerts(assignment1.task1Test)" classname="assignment1.task1Test" time="26.964"/>
  <testcase name="createRightAmouontOfJsonObj on createRightAmouontOfJsonObj(assignment1.task1Test)" classname="assignment1.task1Test" time="0.001"/>
  <testcase name="catchExcetionOnJsonObjectCreateDescription on catchExcetionOnJsonObjectCreateDescription(assignment1.task1Test)" classname="assignment1.task1Test" time="0"/>
  <testcase name="catchExcetionOnJsonObjectCreateAlertType on catchExcetionOnJsonObjectCreateAlertType(assignment1.task1Test)" classname="assignment1.task1Test" time="0"/>
  <testcase name="catchExcetionOnJsonObjectCreateImageUrl on catchExcetionOnJsonObjectCreateImageUrl(assignment1.task1Test)" classname="assignment1.task1Test" time="0.001"/>
  <testcase name="catchExcetionOnJsonObjectCreatePrice on catchExcetionOnJsonObjectCreatePrice(assignment1.task1Test)" classname="assignment1.task1Test" time="0"/>
  <testcase name="catchExcetionOnJsonObjectCreateTitle on catchExcetionOnJsonObjectCreateTitle(assignment1.task1Test)" classname="assignment1.task1Test" time="0.001"/>
  <testcase name="catchExcetionOnJsonObjectCreateURL on catchExcetionOnJsonObjectCreateURL(assignment1.task1Test)" classname="assignment1.task1Test" time="0"/>
</testsuite>